TN:
SF:/usr/local/include/gtest/gtest-message.h
FN:132,_ZN7testing7MessagelsIA5_cEERS0_RKT_
FNDA:0,_ZN7testing7MessagelsIA5_cEERS0_RKT_
FN:132,_ZN7testing7MessagelsINSt7__cxx1112basic_stringIcSt11char_traitsIcESaIcEEEEERS0_RKT_
FNDA:0,_ZN7testing7MessagelsINSt7__cxx1112basic_stringIcSt11char_traitsIcESaIcEEEEERS0_RKT_
FN:132,_ZN7testing7MessagelsIA3_cEERS0_RKT_
FNDA:0,_ZN7testing7MessagelsIA3_cEERS0_RKT_
FN:132,_ZN7testing7MessagelsIA12_cEERS0_RKT_
FNDA:0,_ZN7testing7MessagelsIA12_cEERS0_RKT_
FN:181,_ZN7testing7MessagelsIKcEERS0_RKPT_
FNDA:63,_ZN7testing7MessagelsIKcEERS0_RKPT_
DA:132,0
DA:148,0
DA:149,0
DA:132,0
DA:148,0
DA:149,0
DA:132,0
DA:148,0
DA:149,0
DA:132,0
DA:148,0
DA:149,0
DA:181,63
DA:182,63
DA:183,0
DA:185,63
DA:187,63
end_of_record
SF:/usr/local/include/gtest/gtest.h
FN:255,_ZN7testing4Test14SetUpTestSuiteEv
FNDA:0,_ZN7testing4Test14SetUpTestSuiteEv
FN:263,_ZN7testing4Test17TearDownTestSuiteEv
FNDA:0,_ZN7testing4Test17TearDownTestSuiteEv
FN:268,_ZN7testing4Test16TearDownTestCaseEv
FNDA:0,_ZN7testing4Test16TearDownTestCaseEv
FN:269,_ZN7testing4Test13SetUpTestCaseEv
FNDA:0,_ZN7testing4Test13SetUpTestCaseEv
FN:356,_ZN7testing4Test5SetupEv
FNDA:0,_ZN7testing4Test5SetupEv
FN:1374,_ZN7testing8internal18CmpHelperEQFailureIP7astnodeS3_EENS_15AssertionResultEPKcS6_RKT_RKT0_
FNDA:0,_ZN7testing8internal18CmpHelperEQFailureIP7astnodeS3_EENS_15AssertionResultEPKcS6_RKT_RKT0_
FN:1374,_ZN7testing8internal18CmpHelperEQFailureIiiEENS_15AssertionResultEPKcS4_RKT_RKT0_
FNDA:0,_ZN7testing8internal18CmpHelperEQFailureIiiEENS_15AssertionResultEPKcS4_RKT_RKT0_
FN:1391,_ZN7testing8internal11CmpHelperEQIP7astnodeS3_EENS_15AssertionResultEPKcS6_RKT_RKT0_
FNDA:3,_ZN7testing8internal11CmpHelperEQIP7astnodeS3_EENS_15AssertionResultEPKcS6_RKT_RKT0_
FN:1391,_ZN7testing8internal11CmpHelperEQIiiEENS_15AssertionResultEPKcS4_RKT_RKT0_
FNDA:18,_ZN7testing8internal11CmpHelperEQIiiEENS_15AssertionResultEPKcS4_RKT_RKT0_
FN:1410,_ZN7testing8internal8EqHelper7CompareIP7astnodeS4_LPv0EEENS_15AssertionResultEPKcS8_RKT_RKT0_
FNDA:3,_ZN7testing8internal8EqHelper7CompareIP7astnodeS4_LPv0EEENS_15AssertionResultEPKcS8_RKT_RKT0_
FN:1410,_ZN7testing8internal8EqHelper7CompareIiiLPv0EEENS_15AssertionResultEPKcS6_RKT_RKT0_
FNDA:18,_ZN7testing8internal8EqHelper7CompareIiiLPv0EEENS_15AssertionResultEPKcS6_RKT_RKT0_
FN:1443,_ZN7testing8internal18CmpHelperOpFailureIP8_IO_FILEDnEENS_15AssertionResultEPKcS6_RKT_RKT0_S6_
FNDA:0,_ZN7testing8internal18CmpHelperOpFailureIP8_IO_FILEDnEENS_15AssertionResultEPKcS6_RKT_RKT0_S6_
FN:1443,_ZN7testing8internal18CmpHelperOpFailureIP7astnodeDnEENS_15AssertionResultEPKcS6_RKT_RKT0_S6_
FNDA:0,_ZN7testing8internal18CmpHelperOpFailureIP7astnodeDnEENS_15AssertionResultEPKcS6_RKT_RKT0_S6_
FN:1472,_ZN7testing8internal11CmpHelperNEIP8_IO_FILEDnEENS_15AssertionResultEPKcS6_RKT_RKT0_
FNDA:54,_ZN7testing8internal11CmpHelperNEIP8_IO_FILEDnEENS_15AssertionResultEPKcS6_RKT_RKT0_
FN:1472,_ZN7testing8internal11CmpHelperNEIP7astnodeDnEENS_15AssertionResultEPKcS6_RKT_RKT0_
FNDA:3,_ZN7testing8internal11CmpHelperNEIP7astnodeDnEENS_15AssertionResultEPKcS6_RKT_RKT0_
FN:2334,_Z13RUN_ALL_TESTSv
FNDA:3,_Z13RUN_ALL_TESTSv
DA:255,0
DA:263,0
DA:268,0
DA:269,0
DA:356,0
DA:1374,0
DA:1379,0
DA:1374,0
DA:1379,0
DA:1391,3
DA:1394,3
DA:1395,3
DA:1398,0
DA:1391,18
DA:1394,18
DA:1395,18
DA:1398,0
DA:1410,3
DA:1413,3
DA:1410,18
DA:1413,18
DA:1443,0
DA:1447,0
DA:1448,0
DA:1449,0
DA:1443,0
DA:1447,0
DA:1448,0
DA:1449,0
DA:1472,54
DA:1472,3
DA:2334,3
end_of_record
SF:/usr/include/c++/11/bits/basic_string.h
FN:533,_ZNSt7__cxx1112basic_stringIcSt11char_traitsIcESaIcEEC2IS3_EEPKcRKS3_
FNDA:165,_ZNSt7__cxx1112basic_stringIcSt11char_traitsIcESaIcEEC2IS3_EEPKcRKS3_
DA:533,165
DA:534,165
DA:536,165
DA:539,165
DA:540,165
end_of_record
SF:/usr/include/c++/11/ext/type_traits.h
FN:152,_ZN9__gnu_cxx17__is_null_pointerIKcEEbPT_
FNDA:183,_ZN9__gnu_cxx17__is_null_pointerIKcEEbPT_
DA:152,183
DA:153,183
end_of_record
SF:/usr/include/c++/11/bits/stl_iterator_base_types.h
FN:238,_ZSt19__iterator_categoryIPKcENSt15iterator_traitsIT_E17iterator_categoryERKS3_
FNDA:183,_ZSt19__iterator_categoryIPKcENSt15iterator_traitsIT_E17iterator_categoryERKS3_
DA:238,183
DA:239,183
end_of_record
SF:/usr/include/c++/11/iostream
end_of_record
SF:/usr/local/include/gtest/internal/gtest-internal.h
FN:437,_ZN7testing8internal15TestFactoryBaseD2Ev
FNDA:39,_ZN7testing8internal15TestFactoryBaseD2Ev
FN:437,_ZN7testing8internal15TestFactoryBaseD0Ev
FNDA:0,_ZN7testing8internal15TestFactoryBaseD0Ev
FN:444,_ZN7testing8internal15TestFactoryBaseC2Ev
FNDA:39,_ZN7testing8internal15TestFactoryBaseC2Ev
FN:456,_ZN7testing8internal15TestFactoryImplI38LatexMarkdownTest_ProcessTableRow_TestE10CreateTestEv
FNDA:3,_ZN7testing8internal15TestFactoryImplI38LatexMarkdownTest_ProcessTableRow_TestE10CreateTestEv
FN:456,_ZN7testing8internal15TestFactoryImplI37LatexMarkdownTest_CreateMarkdown_TestE10CreateTestEv
FNDA:3,_ZN7testing8internal15TestFactoryImplI37LatexMarkdownTest_CreateMarkdown_TestE10CreateTestEv
FN:456,_ZN7testing8internal15TestFactoryImplI40LatexMarkdownTest_AddTableSeparator_TestE10CreateTestEv
FNDA:3,_ZN7testing8internal15TestFactoryImplI40LatexMarkdownTest_AddTableSeparator_TestE10CreateTestEv
FN:456,_ZN7testing8internal15TestFactoryImplI33LatexMarkdownTest_CreateNode_TestE10CreateTestEv
FNDA:3,_ZN7testing8internal15TestFactoryImplI33LatexMarkdownTest_CreateNode_TestE10CreateTestEv
FN:456,_ZN7testing8internal15TestFactoryImplI34LatexMarkdownTest_CountColumn_TestE10CreateTestEv
FNDA:3,_ZN7testing8internal15TestFactoryImplI34LatexMarkdownTest_CountColumn_TestE10CreateTestEv
FN:456,_ZN7testing8internal15TestFactoryImplI36LatexMarkdownTest_EnumerateList_TestE10CreateTestEv
FNDA:3,_ZN7testing8internal15TestFactoryImplI36LatexMarkdownTest_EnumerateList_TestE10CreateTestEv
FN:456,_ZN7testing8internal15TestFactoryImplI34LatexMarkdownTest_ProcessItem_TestE10CreateTestEv
FNDA:3,_ZN7testing8internal15TestFactoryImplI34LatexMarkdownTest_ProcessItem_TestE10CreateTestEv
FN:456,_ZN7testing8internal15TestFactoryImplI33LatexMarkdownTest_HandlePara_TestE10CreateTestEv
FNDA:3,_ZN7testing8internal15TestFactoryImplI33LatexMarkdownTest_HandlePara_TestE10CreateTestEv
FN:456,_ZN7testing8internal15TestFactoryImplI33LatexMarkdownTest_HandleHref_TestE10CreateTestEv
FNDA:3,_ZN7testing8internal15TestFactoryImplI33LatexMarkdownTest_HandleHref_TestE10CreateTestEv
FN:456,_ZN7testing8internal15TestFactoryImplI37LatexMarkdownTest_HandleGraphics_TestE10CreateTestEv
FNDA:3,_ZN7testing8internal15TestFactoryImplI37LatexMarkdownTest_HandleGraphics_TestE10CreateTestEv
FN:456,_ZN7testing8internal15TestFactoryImplI31LatexMarkdownTest_PrintAST_TestE10CreateTestEv
FNDA:3,_ZN7testing8internal15TestFactoryImplI31LatexMarkdownTest_PrintAST_TestE10CreateTestEv
FN:456,_ZN7testing8internal15TestFactoryImplI33LatexMarkdownTest_ShouldSkip_TestE10CreateTestEv
FNDA:3,_ZN7testing8internal15TestFactoryImplI33LatexMarkdownTest_ShouldSkip_TestE10CreateTestEv
FN:456,_ZN7testing8internal15TestFactoryImplI31LatexMarkdownTest_AddChild_TestE10CreateTestEv
FNDA:3,_ZN7testing8internal15TestFactoryImplI31LatexMarkdownTest_AddChild_TestE10CreateTestEv
FN:477,_ZN7testing8internal12CodeLocationC2ENSt7__cxx1112basic_stringIcSt11char_traitsIcESaIcEEEi
FNDA:39,_ZN7testing8internal12CodeLocationC2ENSt7__cxx1112basic_stringIcSt11char_traitsIcESaIcEEEi
FN:490,_ZN7testing8internal19GetNotDefaultOrNullEPFvvES2_
FNDA:156,_ZN7testing8internal19GetNotDefaultOrNullEPFvvES2_
FN:505,_ZN7testing8internal16SuiteApiResolverINS_4TestEE19GetSetUpCaseOrSuiteEPKci
FNDA:39,_ZN7testing8internal16SuiteApiResolverINS_4TestEE19GetSetUpCaseOrSuiteEPKci
FN:526,_ZN7testing8internal16SuiteApiResolverINS_4TestEE22GetTearDownCaseOrSuiteEPKci
FNDA:39,_ZN7testing8internal16SuiteApiResolverINS_4TestEE22GetTearDownCaseOrSuiteEPKci
DA:437,0
DA:437,39
DA:444,39
DA:456,3
DA:456,3
DA:456,3
DA:456,3
DA:456,3
DA:456,3
DA:456,3
DA:456,3
DA:456,3
DA:456,3
DA:456,3
DA:456,3
DA:456,3
DA:477,39
DA:478,39
DA:490,156
DA:492,156
DA:505,39
DA:509,39
DA:511,39
DA:513,39
DA:516,0
DA:518,39
DA:526,39
DA:530,39
DA:532,39
DA:534,39
DA:537,0
DA:539,39
end_of_record
SF:/usr/include/c++/11/bits/unique_ptr.h
FN:79,_ZNKSt14default_deleteINSt7__cxx1112basic_stringIcSt11char_traitsIcESaIcEEEEclEPS5_
FNDA:0,_ZNKSt14default_deleteINSt7__cxx1112basic_stringIcSt11char_traitsIcESaIcEEEEclEPS5_
FN:79,_ZNKSt14default_deleteINSt7__cxx1118basic_stringstreamIcSt11char_traitsIcESaIcEEEEclEPS5_
FNDA:195,_ZNKSt14default_deleteINSt7__cxx1118basic_stringstreamIcSt11char_traitsIcESaIcEEEEclEPS5_
FN:155,_ZNSt15__uniq_ptr_implINSt7__cxx1112basic_stringIcSt11char_traitsIcESaIcEEESt14default_deleteIS5_EEC2EPS5_
FNDA:0,_ZNSt15__uniq_ptr_implINSt7__cxx1112basic_stringIcSt11char_traitsIcESaIcEEESt14default_deleteIS5_EEC2EPS5_
FN:165,_ZNSt15__uniq_ptr_implINSt7__cxx1112basic_stringIcSt11char_traitsIcESaIcEEESt14default_deleteIS5_EEaSEOS8_
FNDA:0,_ZNSt15__uniq_ptr_implINSt7__cxx1112basic_stringIcSt11char_traitsIcESaIcEEESt14default_deleteIS5_EEaSEOS8_
FN:172,_ZNSt15__uniq_ptr_implINSt7__cxx1112basic_stringIcSt11char_traitsIcESaIcEEESt14default_deleteIS5_EE6_M_ptrEv
FNDA:117,_ZNSt15__uniq_ptr_implINSt7__cxx1112basic_stringIcSt11char_traitsIcESaIcEEESt14default_deleteIS5_EE6_M_ptrEv
FN:172,_ZNSt15__uniq_ptr_implINSt7__cxx1118basic_stringstreamIcSt11char_traitsIcESaIcEEESt14default_deleteIS5_EE6_M_ptrEv
FNDA:390,_ZNSt15__uniq_ptr_implINSt7__cxx1118basic_stringstreamIcSt11char_traitsIcESaIcEEESt14default_deleteIS5_EE6_M_ptrEv
FN:173,_ZNKSt15__uniq_ptr_implINSt7__cxx1112basic_stringIcSt11char_traitsIcESaIcEEESt14default_deleteIS5_EE6_M_ptrEv
FNDA:0,_ZNKSt15__uniq_ptr_implINSt7__cxx1112basic_stringIcSt11char_traitsIcESaIcEEESt14default_deleteIS5_EE6_M_ptrEv
FN:173,_ZNKSt15__uniq_ptr_implINSt7__cxx1118basic_stringstreamIcSt11char_traitsIcESaIcEEESt14default_deleteIS5_EE6_M_ptrEv
FNDA:1827,_ZNKSt15__uniq_ptr_implINSt7__cxx1118basic_stringstreamIcSt11char_traitsIcESaIcEEESt14default_deleteIS5_EE6_M_ptrEv
FN:174,_ZNSt15__uniq_ptr_implINSt7__cxx1118basic_stringstreamIcSt11char_traitsIcESaIcEEESt14default_deleteIS5_EE10_M_deleterEv
FNDA:195,_ZNSt15__uniq_ptr_implINSt7__cxx1118basic_stringstreamIcSt11char_traitsIcESaIcEEESt14default_deleteIS5_EE10_M_deleterEv
FN:174,_ZNSt15__uniq_ptr_implINSt7__cxx1112basic_stringIcSt11char_traitsIcESaIcEEESt14default_deleteIS5_EE10_M_deleterEv
FNDA:0,_ZNSt15__uniq_ptr_implINSt7__cxx1112basic_stringIcSt11char_traitsIcESaIcEEESt14default_deleteIS5_EE10_M_deleterEv
FN:177,_ZNSt15__uniq_ptr_implINSt7__cxx1112basic_stringIcSt11char_traitsIcESaIcEEESt14default_deleteIS5_EE5resetEPS5_
FNDA:0,_ZNSt15__uniq_ptr_implINSt7__cxx1112basic_stringIcSt11char_traitsIcESaIcEEESt14default_deleteIS5_EE5resetEPS5_
FN:185,_ZNSt15__uniq_ptr_implINSt7__cxx1112basic_stringIcSt11char_traitsIcESaIcEEESt14default_deleteIS5_EE7releaseEv
FNDA:0,_ZNSt15__uniq_ptr_implINSt7__cxx1112basic_stringIcSt11char_traitsIcESaIcEEESt14default_deleteIS5_EE7releaseEv
FN:212,_ZNSt15__uniq_ptr_dataINSt7__cxx1112basic_stringIcSt11char_traitsIcESaIcEEESt14default_deleteIS5_ELb1ELb1EEaSEOS8_
FNDA:0,_ZNSt15__uniq_ptr_dataINSt7__cxx1112basic_stringIcSt11char_traitsIcESaIcEEESt14default_deleteIS5_ELb1ELb1EEaSEOS8_
FN:281,_ZNSt10unique_ptrINSt7__cxx1112basic_stringIcSt11char_traitsIcESaIcEEESt14default_deleteIS5_EEC2IS7_vEEPS5_
FNDA:0,_ZNSt10unique_ptrINSt7__cxx1112basic_stringIcSt11char_traitsIcESaIcEEESt14default_deleteIS5_EEC2IS7_vEEPS5_
FN:355,_ZNSt10unique_ptrINSt7__cxx1112basic_stringIcSt11char_traitsIcESaIcEEESt14default_deleteIS5_EED2Ev
FNDA:117,_ZNSt10unique_ptrINSt7__cxx1112basic_stringIcSt11char_traitsIcESaIcEEESt14default_deleteIS5_EED2Ev
FN:355,_ZNSt10unique_ptrINSt7__cxx1118basic_stringstreamIcSt11char_traitsIcESaIcEEESt14default_deleteIS5_EED2Ev
FNDA:195,_ZNSt10unique_ptrINSt7__cxx1118basic_stringstreamIcSt11char_traitsIcESaIcEEESt14default_deleteIS5_EED2Ev
FN:371,_ZNSt10unique_ptrINSt7__cxx1112basic_stringIcSt11char_traitsIcESaIcEEESt14default_deleteIS5_EEaSEOS8_
FNDA:0,_ZNSt10unique_ptrINSt7__cxx1112basic_stringIcSt11char_traitsIcESaIcEEESt14default_deleteIS5_EEaSEOS8_
FN:405,_ZNKSt10unique_ptrINSt7__cxx1118basic_stringstreamIcSt11char_traitsIcESaIcEEESt14default_deleteIS5_EEdeEv
FNDA:1632,_ZNKSt10unique_ptrINSt7__cxx1118basic_stringstreamIcSt11char_traitsIcESaIcEEESt14default_deleteIS5_EEdeEv
FN:413,_ZNKSt10unique_ptrINSt7__cxx1112basic_stringIcSt11char_traitsIcESaIcEEESt14default_deleteIS5_EEptEv
FNDA:0,_ZNKSt10unique_ptrINSt7__cxx1112basic_stringIcSt11char_traitsIcESaIcEEESt14default_deleteIS5_EEptEv
FN:421,_ZNKSt10unique_ptrINSt7__cxx1118basic_stringstreamIcSt11char_traitsIcESaIcEEESt14default_deleteIS5_EE3getEv
FNDA:1827,_ZNKSt10unique_ptrINSt7__cxx1118basic_stringstreamIcSt11char_traitsIcESaIcEEESt14default_deleteIS5_EE3getEv
FN:421,_ZNKSt10unique_ptrINSt7__cxx1112basic_stringIcSt11char_traitsIcESaIcEEESt14default_deleteIS5_EE3getEv
FNDA:0,_ZNKSt10unique_ptrINSt7__cxx1112basic_stringIcSt11char_traitsIcESaIcEEESt14default_deleteIS5_EE3getEv
FN:426,_ZNSt10unique_ptrINSt7__cxx1118basic_stringstreamIcSt11char_traitsIcESaIcEEESt14default_deleteIS5_EE11get_deleterEv
FNDA:195,_ZNSt10unique_ptrINSt7__cxx1118basic_stringstreamIcSt11char_traitsIcESaIcEEESt14default_deleteIS5_EE11get_deleterEv
FN:426,_ZNSt10unique_ptrINSt7__cxx1112basic_stringIcSt11char_traitsIcESaIcEEESt14default_deleteIS5_EE11get_deleterEv
FNDA:0,_ZNSt10unique_ptrINSt7__cxx1112basic_stringIcSt11char_traitsIcESaIcEEESt14default_deleteIS5_EE11get_deleterEv
FN:435,_ZNKSt10unique_ptrINSt7__cxx1112basic_stringIcSt11char_traitsIcESaIcEEESt14default_deleteIS5_EEcvbEv
FNDA:0,_ZNKSt10unique_ptrINSt7__cxx1112basic_stringIcSt11char_traitsIcESaIcEEESt14default_deleteIS5_EEcvbEv
FN:760,_ZSteqINSt7__cxx1112basic_stringIcSt11char_traitsIcESaIcEEESt14default_deleteIS5_EEbRKSt10unique_ptrIT_T0_EDn
FNDA:0,_ZSteqINSt7__cxx1112basic_stringIcSt11char_traitsIcESaIcEEESt14default_deleteIS5_EEbRKSt10unique_ptrIT_T0_EDn
FN:781,_ZStneINSt7__cxx1112basic_stringIcSt11char_traitsIcESaIcEEESt14default_deleteIS5_EEbRKSt10unique_ptrIT_T0_EDn
FNDA:0,_ZStneINSt7__cxx1112basic_stringIcSt11char_traitsIcESaIcEEESt14default_deleteIS5_EEbRKSt10unique_ptrIT_T0_EDn
FN:961,_ZSt11make_uniqueINSt7__cxx1112basic_stringIcSt11char_traitsIcESaIcEEEJEENSt9_MakeUniqIT_E15__single_objectEDpOT0_
FNDA:0,_ZSt11make_uniqueINSt7__cxx1112basic_stringIcSt11char_traitsIcESaIcEEEJEENSt9_MakeUniqIT_E15__single_objectEDpOT0_
DA:79,0
DA:85,0
DA:86,0
DA:79,195
DA:85,195
DA:86,195
DA:155,0
DA:165,0
DA:167,0
DA:168,0
DA:169,0
DA:172,117
DA:172,390
DA:173,0
DA:173,1827
DA:174,195
DA:174,0
DA:177,0
DA:179,0
DA:180,0
DA:181,0
DA:182,0
DA:183,0
DA:185,0
DA:187,0
DA:188,0
DA:189,0
DA:212,0
DA:281,0
DA:282,0
DA:283,0
DA:355,117
DA:359,117
DA:360,117
DA:361,0
DA:362,117
DA:363,117
DA:355,195
DA:359,195
DA:360,195
DA:361,195
DA:362,195
DA:363,195
DA:371,0
DA:405,1632
DA:407,1632
DA:408,1632
DA:413,0
DA:416,0
DA:421,0
DA:422,0
DA:421,1827
DA:422,1827
DA:426,0
DA:427,0
DA:426,195
DA:427,195
DA:435,0
DA:436,0
DA:760,0
DA:761,0
DA:781,0
DA:782,0
DA:961,0
DA:962,0
end_of_record
SF:/usr/include/c++/11/bits/char_traits.h
FN:106,_ZN9__gnu_cxx11char_traitsIcE2eqERKcS3_
FNDA:0,_ZN9__gnu_cxx11char_traitsIcE2eqERKcS3_
FN:167,_ZN9__gnu_cxx11char_traitsIcE6lengthEPKc
FNDA:0,_ZN9__gnu_cxx11char_traitsIcE6lengthEPKc
FN:393,_ZNSt11char_traitsIcE6lengthEPKc
FNDA:165,_ZNSt11char_traitsIcE6lengthEPKc
FN:429,_ZNSt11char_traitsIcE4copyEPcPKcm
FNDA:0,_ZNSt11char_traitsIcE4copyEPcPKcm
DA:106,0
DA:107,0
DA:167,0
DA:170,0
DA:171,0
DA:172,0
DA:173,0
DA:290,165
DA:393,165
DA:396,165
DA:397,0
DA:399,165
DA:429,0
DA:431,0
DA:432,0
DA:437,0
end_of_record
SF:/home/raj1024/ProjectFinal/testing/test_latexmarkdown.cpp
FN:5,_Z15createSampleASTv
FNDA:6,_Z15createSampleASTv
FN:19,_ZN33LatexMarkdownTest_CreateNode_TestC2Ev
FNDA:3,_ZN33LatexMarkdownTest_CreateNode_TestC2Ev
FN:19,_ZN33LatexMarkdownTest_CreateNode_Test8TestBodyEv
FNDA:3,_ZN33LatexMarkdownTest_CreateNode_Test8TestBodyEv
FN:19,_ZN33LatexMarkdownTest_CreateNode_TestD2Ev
FNDA:3,_ZN33LatexMarkdownTest_CreateNode_TestD2Ev
FN:19,_ZN33LatexMarkdownTest_CreateNode_TestD0Ev
FNDA:3,_ZN33LatexMarkdownTest_CreateNode_TestD0Ev
FN:30,_ZN31LatexMarkdownTest_AddChild_TestC2Ev
FNDA:3,_ZN31LatexMarkdownTest_AddChild_TestC2Ev
FN:30,_ZN31LatexMarkdownTest_AddChild_Test8TestBodyEv
FNDA:3,_ZN31LatexMarkdownTest_AddChild_Test8TestBodyEv
FN:30,_ZN31LatexMarkdownTest_AddChild_TestD2Ev
FNDA:3,_ZN31LatexMarkdownTest_AddChild_TestD2Ev
FN:30,_ZN31LatexMarkdownTest_AddChild_TestD0Ev
FNDA:3,_ZN31LatexMarkdownTest_AddChild_TestD0Ev
FN:40,_ZN33LatexMarkdownTest_ShouldSkip_TestC2Ev
FNDA:3,_ZN33LatexMarkdownTest_ShouldSkip_TestC2Ev
FN:40,_ZN33LatexMarkdownTest_ShouldSkip_Test8TestBodyEv
FNDA:3,_ZN33LatexMarkdownTest_ShouldSkip_Test8TestBodyEv
FN:40,_ZN33LatexMarkdownTest_ShouldSkip_TestD0Ev
FNDA:3,_ZN33LatexMarkdownTest_ShouldSkip_TestD0Ev
FN:40,_ZN33LatexMarkdownTest_ShouldSkip_TestD2Ev
FNDA:3,_ZN33LatexMarkdownTest_ShouldSkip_TestD2Ev
FN:46,_ZN31LatexMarkdownTest_PrintAST_TestC2Ev
FNDA:3,_ZN31LatexMarkdownTest_PrintAST_TestC2Ev
FN:46,_ZN31LatexMarkdownTest_PrintAST_Test8TestBodyEv
FNDA:3,_ZN31LatexMarkdownTest_PrintAST_Test8TestBodyEv
FN:46,_ZN31LatexMarkdownTest_PrintAST_TestD0Ev
FNDA:3,_ZN31LatexMarkdownTest_PrintAST_TestD0Ev
FN:46,_ZN31LatexMarkdownTest_PrintAST_TestD2Ev
FNDA:3,_ZN31LatexMarkdownTest_PrintAST_TestD2Ev
FN:69,_ZN37LatexMarkdownTest_HandleGraphics_TestC2Ev
FNDA:3,_ZN37LatexMarkdownTest_HandleGraphics_TestC2Ev
FN:69,_ZN37LatexMarkdownTest_HandleGraphics_Test8TestBodyEv
FNDA:3,_ZN37LatexMarkdownTest_HandleGraphics_Test8TestBodyEv
FN:69,_ZN37LatexMarkdownTest_HandleGraphics_TestD0Ev
FNDA:3,_ZN37LatexMarkdownTest_HandleGraphics_TestD0Ev
FN:69,_ZN37LatexMarkdownTest_HandleGraphics_TestD2Ev
FNDA:3,_ZN37LatexMarkdownTest_HandleGraphics_TestD2Ev
FN:86,_ZN33LatexMarkdownTest_HandleHref_TestD2Ev
FNDA:3,_ZN33LatexMarkdownTest_HandleHref_TestD2Ev
FN:86,_ZN33LatexMarkdownTest_HandleHref_Test8TestBodyEv
FNDA:3,_ZN33LatexMarkdownTest_HandleHref_Test8TestBodyEv
FN:86,_ZN33LatexMarkdownTest_HandleHref_TestD0Ev
FNDA:3,_ZN33LatexMarkdownTest_HandleHref_TestD0Ev
FN:86,_ZN33LatexMarkdownTest_HandleHref_TestC2Ev
FNDA:3,_ZN33LatexMarkdownTest_HandleHref_TestC2Ev
FN:103,_ZN33LatexMarkdownTest_HandlePara_TestD0Ev
FNDA:3,_ZN33LatexMarkdownTest_HandlePara_TestD0Ev
FN:103,_ZN33LatexMarkdownTest_HandlePara_TestD2Ev
FNDA:3,_ZN33LatexMarkdownTest_HandlePara_TestD2Ev
FN:103,_ZN33LatexMarkdownTest_HandlePara_TestC2Ev
FNDA:3,_ZN33LatexMarkdownTest_HandlePara_TestC2Ev
FN:103,_ZN33LatexMarkdownTest_HandlePara_Test8TestBodyEv
FNDA:3,_ZN33LatexMarkdownTest_HandlePara_Test8TestBodyEv
FN:120,_ZN34LatexMarkdownTest_ProcessItem_TestD0Ev
FNDA:3,_ZN34LatexMarkdownTest_ProcessItem_TestD0Ev
FN:120,_ZN34LatexMarkdownTest_ProcessItem_TestD2Ev
FNDA:3,_ZN34LatexMarkdownTest_ProcessItem_TestD2Ev
FN:120,_ZN34LatexMarkdownTest_ProcessItem_TestC2Ev
FNDA:3,_ZN34LatexMarkdownTest_ProcessItem_TestC2Ev
FN:120,_ZN34LatexMarkdownTest_ProcessItem_Test8TestBodyEv
FNDA:3,_ZN34LatexMarkdownTest_ProcessItem_Test8TestBodyEv
FN:137,_ZN36LatexMarkdownTest_EnumerateList_TestD0Ev
FNDA:3,_ZN36LatexMarkdownTest_EnumerateList_TestD0Ev
FN:137,_ZN36LatexMarkdownTest_EnumerateList_TestD2Ev
FNDA:3,_ZN36LatexMarkdownTest_EnumerateList_TestD2Ev
FN:137,_ZN36LatexMarkdownTest_EnumerateList_TestC2Ev
FNDA:3,_ZN36LatexMarkdownTest_EnumerateList_TestC2Ev
FN:137,_ZN36LatexMarkdownTest_EnumerateList_Test8TestBodyEv
FNDA:3,_ZN36LatexMarkdownTest_EnumerateList_Test8TestBodyEv
FN:154,_ZN34LatexMarkdownTest_CountColumn_TestD0Ev
FNDA:3,_ZN34LatexMarkdownTest_CountColumn_TestD0Ev
FN:154,_ZN34LatexMarkdownTest_CountColumn_Test8TestBodyEv
FNDA:3,_ZN34LatexMarkdownTest_CountColumn_Test8TestBodyEv
FN:154,_ZN34LatexMarkdownTest_CountColumn_TestD2Ev
FNDA:3,_ZN34LatexMarkdownTest_CountColumn_TestD2Ev
FN:154,_ZN34LatexMarkdownTest_CountColumn_TestC2Ev
FNDA:3,_ZN34LatexMarkdownTest_CountColumn_TestC2Ev
FN:159,_ZN38LatexMarkdownTest_ProcessTableRow_Test8TestBodyEv
FNDA:3,_ZN38LatexMarkdownTest_ProcessTableRow_Test8TestBodyEv
FN:159,_ZN38LatexMarkdownTest_ProcessTableRow_TestD2Ev
FNDA:3,_ZN38LatexMarkdownTest_ProcessTableRow_TestD2Ev
FN:159,_ZN38LatexMarkdownTest_ProcessTableRow_TestD0Ev
FNDA:3,_ZN38LatexMarkdownTest_ProcessTableRow_TestD0Ev
FN:159,_ZN38LatexMarkdownTest_ProcessTableRow_TestC2Ev
FNDA:3,_ZN38LatexMarkdownTest_ProcessTableRow_TestC2Ev
FN:179,_ZN40LatexMarkdownTest_AddTableSeparator_Test8TestBodyEv
FNDA:3,_ZN40LatexMarkdownTest_AddTableSeparator_Test8TestBodyEv
FN:179,_ZN40LatexMarkdownTest_AddTableSeparator_TestD2Ev
FNDA:3,_ZN40LatexMarkdownTest_AddTableSeparator_TestD2Ev
FN:179,_ZN40LatexMarkdownTest_AddTableSeparator_TestD0Ev
FNDA:3,_ZN40LatexMarkdownTest_AddTableSeparator_TestD0Ev
FN:179,_ZN40LatexMarkdownTest_AddTableSeparator_TestC2Ev
FNDA:3,_ZN40LatexMarkdownTest_AddTableSeparator_TestC2Ev
FN:196,_ZN37LatexMarkdownTest_CreateMarkdown_Test8TestBodyEv
FNDA:3,_ZN37LatexMarkdownTest_CreateMarkdown_Test8TestBodyEv
FN:196,_ZN37LatexMarkdownTest_CreateMarkdown_TestD2Ev
FNDA:3,_ZN37LatexMarkdownTest_CreateMarkdown_TestD2Ev
FN:196,_ZN37LatexMarkdownTest_CreateMarkdown_TestD0Ev
FNDA:3,_ZN37LatexMarkdownTest_CreateMarkdown_TestD0Ev
FN:196,_ZN37LatexMarkdownTest_CreateMarkdown_TestC2Ev
FNDA:3,_ZN37LatexMarkdownTest_CreateMarkdown_TestC2Ev
FN:214,main
FNDA:3,main
DA:5,6
DA:7,6
DA:8,6
DA:9,6
DA:12,6
DA:13,6
DA:15,6
DA:19,3
DA:19,3
DA:19,3
DA:19,3
DA:20,3
DA:21,3
DA:22,3
DA:23,3
DA:24,3
DA:25,3
DA:26,3
DA:30,3
DA:30,3
DA:30,3
DA:30,3
DA:31,3
DA:32,3
DA:33,3
DA:34,3
DA:35,3
DA:36,3
DA:37,3
DA:40,3
DA:40,3
DA:40,3
DA:40,3
DA:41,3
DA:42,3
DA:43,3
DA:46,3
DA:46,3
DA:46,3
DA:46,3
DA:47,3
DA:48,3
DA:49,3
DA:50,3
DA:51,3
DA:52,3
DA:54,3
DA:55,3
DA:58,3
DA:59,3
DA:60,3
DA:61,3
DA:62,3
DA:63,3
DA:65,3
DA:69,3
DA:69,3
DA:69,3
DA:69,3
DA:70,3
DA:71,3
DA:72,3
DA:73,3
DA:75,3
DA:76,3
DA:79,3
DA:80,3
DA:82,3
DA:86,3
DA:86,3
DA:86,3
DA:86,3
DA:87,3
DA:88,3
DA:89,3
DA:90,3
DA:92,3
DA:93,3
DA:96,3
DA:97,3
DA:99,3
DA:103,3
DA:103,3
DA:103,3
DA:103,3
DA:104,3
DA:105,3
DA:106,3
DA:107,3
DA:109,3
DA:110,3
DA:113,3
DA:114,3
DA:116,3
DA:120,3
DA:120,3
DA:120,3
DA:120,3
DA:121,3
DA:122,3
DA:123,3
DA:124,3
DA:126,3
DA:127,3
DA:130,3
DA:131,3
DA:133,3
DA:137,3
DA:137,3
DA:137,3
DA:137,3
DA:138,3
DA:139,3
DA:140,3
DA:141,3
DA:143,3
DA:144,3
DA:147,3
DA:148,3
DA:150,3
DA:154,3
DA:154,3
DA:154,3
DA:154,3
DA:155,3
DA:156,3
DA:157,3
DA:159,3
DA:159,3
DA:159,3
DA:159,3
DA:160,3
DA:161,3
DA:163,3
DA:164,3
DA:166,3
DA:168,3
DA:169,3
DA:172,3
DA:173,3
DA:175,3
DA:179,3
DA:179,3
DA:179,3
DA:179,3
DA:180,3
DA:181,3
DA:182,3
DA:183,3
DA:185,3
DA:186,3
DA:189,3
DA:190,3
DA:192,3
DA:196,3
DA:196,3
DA:196,3
DA:196,3
DA:197,3
DA:198,3
DA:199,3
DA:200,3
DA:201,3
DA:202,3
DA:204,3
DA:205,3
DA:208,3
DA:209,3
DA:211,3
DA:214,3
DA:215,3
DA:216,3
end_of_record
SF:/usr/include/c++/11/tuple
FN:80,_ZNSt10_Head_baseILm1ESt14default_deleteINSt7__cxx1112basic_stringIcSt11char_traitsIcESaIcEEEELb1EEC2Ev
FNDA:117,_ZNSt10_Head_baseILm1ESt14default_deleteINSt7__cxx1112basic_stringIcSt11char_traitsIcESaIcEEEELb1EEC2Ev
FN:124,_ZNSt10_Head_baseILm1ESt14default_deleteINSt7__cxx1118basic_stringstreamIcSt11char_traitsIcESaIcEEEELb1EE7_M_headERS8_
FNDA:195,_ZNSt10_Head_baseILm1ESt14default_deleteINSt7__cxx1118basic_stringstreamIcSt11char_traitsIcESaIcEEEELb1EE7_M_headERS8_
FN:124,_ZNSt10_Head_baseILm1ESt14default_deleteINSt7__cxx1112basic_stringIcSt11char_traitsIcESaIcEEEELb1EE7_M_headERS8_
FNDA:0,_ZNSt10_Head_baseILm1ESt14default_deleteINSt7__cxx1112basic_stringIcSt11char_traitsIcESaIcEEEELb1EE7_M_headERS8_
FN:189,_ZNSt10_Head_baseILm0EPNSt7__cxx1112basic_stringIcSt11char_traitsIcESaIcEEELb0EEC2Ev
FNDA:117,_ZNSt10_Head_baseILm0EPNSt7__cxx1112basic_stringIcSt11char_traitsIcESaIcEEELb0EEC2Ev
FN:233,_ZNSt10_Head_baseILm0EPNSt7__cxx1112basic_stringIcSt11char_traitsIcESaIcEEELb0EE7_M_headERS7_
FNDA:117,_ZNSt10_Head_baseILm0EPNSt7__cxx1112basic_stringIcSt11char_traitsIcESaIcEEELb0EE7_M_headERS7_
FN:233,_ZNSt10_Head_baseILm0EPNSt7__cxx1118basic_stringstreamIcSt11char_traitsIcESaIcEEELb0EE7_M_headERS7_
FNDA:390,_ZNSt10_Head_baseILm0EPNSt7__cxx1118basic_stringstreamIcSt11char_traitsIcESaIcEEELb0EE7_M_headERS7_
FN:236,_ZNSt10_Head_baseILm0EPNSt7__cxx1112basic_stringIcSt11char_traitsIcESaIcEEELb0EE7_M_headERKS7_
FNDA:0,_ZNSt10_Head_baseILm0EPNSt7__cxx1112basic_stringIcSt11char_traitsIcESaIcEEELb0EE7_M_headERKS7_
FN:236,_ZNSt10_Head_baseILm0EPNSt7__cxx1118basic_stringstreamIcSt11char_traitsIcESaIcEEELb0EE7_M_headERKS7_
FNDA:1827,_ZNSt10_Head_baseILm0EPNSt7__cxx1118basic_stringstreamIcSt11char_traitsIcESaIcEEELb0EE7_M_headERKS7_
FN:268,_ZNSt11_Tuple_implILm0EJPNSt7__cxx1118basic_stringstreamIcSt11char_traitsIcESaIcEEESt14default_deleteIS5_EEE7_M_headERS9_
FNDA:390,_ZNSt11_Tuple_implILm0EJPNSt7__cxx1118basic_stringstreamIcSt11char_traitsIcESaIcEEESt14default_deleteIS5_EEE7_M_headERS9_
FN:268,_ZNSt11_Tuple_implILm0EJPNSt7__cxx1112basic_stringIcSt11char_traitsIcESaIcEEESt14default_deleteIS5_EEE7_M_headERS9_
FNDA:117,_ZNSt11_Tuple_implILm0EJPNSt7__cxx1112basic_stringIcSt11char_traitsIcESaIcEEESt14default_deleteIS5_EEE7_M_headERS9_
FN:271,_ZNSt11_Tuple_implILm0EJPNSt7__cxx1112basic_stringIcSt11char_traitsIcESaIcEEESt14default_deleteIS5_EEE7_M_headERKS9_
FNDA:0,_ZNSt11_Tuple_implILm0EJPNSt7__cxx1112basic_stringIcSt11char_traitsIcESaIcEEESt14default_deleteIS5_EEE7_M_headERKS9_
FN:271,_ZNSt11_Tuple_implILm0EJPNSt7__cxx1118basic_stringstreamIcSt11char_traitsIcESaIcEEESt14default_deleteIS5_EEE7_M_headERKS9_
FNDA:1827,_ZNSt11_Tuple_implILm0EJPNSt7__cxx1118basic_stringstreamIcSt11char_traitsIcESaIcEEESt14default_deleteIS5_EEE7_M_headERKS9_
FN:279,_ZNSt11_Tuple_implILm0EJPNSt7__cxx1112basic_stringIcSt11char_traitsIcESaIcEEESt14default_deleteIS5_EEEC2Ev
FNDA:117,_ZNSt11_Tuple_implILm0EJPNSt7__cxx1112basic_stringIcSt11char_traitsIcESaIcEEESt14default_deleteIS5_EEEC2Ev
FN:424,_ZNSt11_Tuple_implILm1EJSt14default_deleteINSt7__cxx1112basic_stringIcSt11char_traitsIcESaIcEEEEEE7_M_headERS8_
FNDA:0,_ZNSt11_Tuple_implILm1EJSt14default_deleteINSt7__cxx1112basic_stringIcSt11char_traitsIcESaIcEEEEEE7_M_headERS8_
FN:424,_ZNSt11_Tuple_implILm1EJSt14default_deleteINSt7__cxx1118basic_stringstreamIcSt11char_traitsIcESaIcEEEEEE7_M_headERS8_
FNDA:195,_ZNSt11_Tuple_implILm1EJSt14default_deleteINSt7__cxx1118basic_stringstreamIcSt11char_traitsIcESaIcEEEEEE7_M_headERS8_
FN:430,_ZNSt11_Tuple_implILm1EJSt14default_deleteINSt7__cxx1112basic_stringIcSt11char_traitsIcESaIcEEEEEEC2Ev
FNDA:117,_ZNSt11_Tuple_implILm1EJSt14default_deleteINSt7__cxx1112basic_stringIcSt11char_traitsIcESaIcEEEEEEC2Ev
FN:1049,_ZNSt5tupleIJPNSt7__cxx1112basic_stringIcSt11char_traitsIcESaIcEEESt14default_deleteIS5_EEEC2ILb1ELb1EEEv
FNDA:117,_ZNSt5tupleIJPNSt7__cxx1112basic_stringIcSt11char_traitsIcESaIcEEESt14default_deleteIS5_EEEC2ILb1ELb1EEEv
FN:1377,_ZSt12__get_helperILm1ESt14default_deleteINSt7__cxx1118basic_stringstreamIcSt11char_traitsIcESaIcEEEEJEERT0_RSt11_Tuple_implIXT_EJS8_DpT1_EE
FNDA:195,_ZSt12__get_helperILm1ESt14default_deleteINSt7__cxx1118basic_stringstreamIcSt11char_traitsIcESaIcEEEEJEERT0_RSt11_Tuple_implIXT_EJS8_DpT1_EE
FN:1377,_ZSt12__get_helperILm1ESt14default_deleteINSt7__cxx1112basic_stringIcSt11char_traitsIcESaIcEEEEJEERT0_RSt11_Tuple_implIXT_EJS8_DpT1_EE
FNDA:0,_ZSt12__get_helperILm1ESt14default_deleteINSt7__cxx1112basic_stringIcSt11char_traitsIcESaIcEEEEJEERT0_RSt11_Tuple_implIXT_EJS8_DpT1_EE
FN:1377,_ZSt12__get_helperILm0EPNSt7__cxx1112basic_stringIcSt11char_traitsIcESaIcEEEJSt14default_deleteIS5_EEERT0_RSt11_Tuple_implIXT_EJS9_DpT1_EE
FNDA:117,_ZSt12__get_helperILm0EPNSt7__cxx1112basic_stringIcSt11char_traitsIcESaIcEEEJSt14default_deleteIS5_EEERT0_RSt11_Tuple_implIXT_EJS9_DpT1_EE
FN:1377,_ZSt12__get_helperILm0EPNSt7__cxx1118basic_stringstreamIcSt11char_traitsIcESaIcEEEJSt14default_deleteIS5_EEERT0_RSt11_Tuple_implIXT_EJS9_DpT1_EE
FNDA:390,_ZSt12__get_helperILm0EPNSt7__cxx1118basic_stringstreamIcSt11char_traitsIcESaIcEEEJSt14default_deleteIS5_EEERT0_RSt11_Tuple_implIXT_EJS9_DpT1_EE
FN:1382,_ZSt12__get_helperILm0EPNSt7__cxx1112basic_stringIcSt11char_traitsIcESaIcEEEJSt14default_deleteIS5_EEERKT0_RKSt11_Tuple_implIXT_EJS9_DpT1_EE
FNDA:0,_ZSt12__get_helperILm0EPNSt7__cxx1112basic_stringIcSt11char_traitsIcESaIcEEEJSt14default_deleteIS5_EEERKT0_RKSt11_Tuple_implIXT_EJS9_DpT1_EE
FN:1382,_ZSt12__get_helperILm0EPNSt7__cxx1118basic_stringstreamIcSt11char_traitsIcESaIcEEEJSt14default_deleteIS5_EEERKT0_RKSt11_Tuple_implIXT_EJS9_DpT1_EE
FNDA:1827,_ZSt12__get_helperILm0EPNSt7__cxx1118basic_stringstreamIcSt11char_traitsIcESaIcEEEJSt14default_deleteIS5_EEERKT0_RKSt11_Tuple_implIXT_EJS9_DpT1_EE
FN:1393,_ZSt3getILm1EJPNSt7__cxx1118basic_stringstreamIcSt11char_traitsIcESaIcEEESt14default_deleteIS5_EEERNSt13tuple_elementIXT_ESt5tupleIJDpT0_EEE4typeERSD_
FNDA:195,_ZSt3getILm1EJPNSt7__cxx1118basic_stringstreamIcSt11char_traitsIcESaIcEEESt14default_deleteIS5_EEERNSt13tuple_elementIXT_ESt5tupleIJDpT0_EEE4typeERSD_
FN:1393,_ZSt3getILm1EJPNSt7__cxx1112basic_stringIcSt11char_traitsIcESaIcEEESt14default_deleteIS5_EEERNSt13tuple_elementIXT_ESt5tupleIJDpT0_EEE4typeERSD_
FNDA:0,_ZSt3getILm1EJPNSt7__cxx1112basic_stringIcSt11char_traitsIcESaIcEEESt14default_deleteIS5_EEERNSt13tuple_elementIXT_ESt5tupleIJDpT0_EEE4typeERSD_
FN:1393,_ZSt3getILm0EJPNSt7__cxx1112basic_stringIcSt11char_traitsIcESaIcEEESt14default_deleteIS5_EEERNSt13tuple_elementIXT_ESt5tupleIJDpT0_EEE4typeERSD_
FNDA:117,_ZSt3getILm0EJPNSt7__cxx1112basic_stringIcSt11char_traitsIcESaIcEEESt14default_deleteIS5_EEERNSt13tuple_elementIXT_ESt5tupleIJDpT0_EEE4typeERSD_
FN:1393,_ZSt3getILm0EJPNSt7__cxx1118basic_stringstreamIcSt11char_traitsIcESaIcEEESt14default_deleteIS5_EEERNSt13tuple_elementIXT_ESt5tupleIJDpT0_EEE4typeERSD_
FNDA:390,_ZSt3getILm0EJPNSt7__cxx1118basic_stringstreamIcSt11char_traitsIcESaIcEEESt14default_deleteIS5_EEERNSt13tuple_elementIXT_ESt5tupleIJDpT0_EEE4typeERSD_
FN:1399,_ZSt3getILm0EJPNSt7__cxx1112basic_stringIcSt11char_traitsIcESaIcEEESt14default_deleteIS5_EEERKNSt13tuple_elementIXT_ESt5tupleIJDpT0_EEE4typeERKSD_
FNDA:0,_ZSt3getILm0EJPNSt7__cxx1112basic_stringIcSt11char_traitsIcESaIcEEESt14default_deleteIS5_EEERKNSt13tuple_elementIXT_ESt5tupleIJDpT0_EEE4typeERKSD_
FN:1399,_ZSt3getILm0EJPNSt7__cxx1118basic_stringstreamIcSt11char_traitsIcESaIcEEESt14default_deleteIS5_EEERKNSt13tuple_elementIXT_ESt5tupleIJDpT0_EEE4typeERKSD_
FNDA:1827,_ZSt3getILm0EJPNSt7__cxx1118basic_stringstreamIcSt11char_traitsIcESaIcEEESt14default_deleteIS5_EEERKNSt13tuple_elementIXT_ESt5tupleIJDpT0_EEE4typeERKSD_
DA:80,117
DA:81,117
DA:124,195
DA:124,0
DA:189,117
DA:190,117
DA:233,117
DA:233,390
DA:236,0
DA:236,1827
DA:268,117
DA:268,390
DA:271,0
DA:271,1827
DA:279,117
DA:280,117
DA:424,195
DA:424,0
DA:430,117
DA:431,117
DA:1049,117
DA:1051,117
DA:1377,195
DA:1378,195
DA:1377,0
DA:1378,0
DA:1377,117
DA:1378,117
DA:1377,390
DA:1378,390
DA:1382,0
DA:1383,0
DA:1382,1827
DA:1383,1827
DA:1393,195
DA:1394,195
DA:1393,0
DA:1394,0
DA:1393,117
DA:1394,117
DA:1393,390
DA:1394,390
DA:1399,0
DA:1400,0
DA:1399,1827
DA:1400,1827
end_of_record
SF:/usr/include/c++/11/bits/move.h
FN:77,_ZSt7forwardISt14default_deleteINSt7__cxx1112basic_stringIcSt11char_traitsIcESaIcEEEEEOT_RNSt16remove_referenceIS8_E4typeE
FNDA:0,_ZSt7forwardISt14default_deleteINSt7__cxx1112basic_stringIcSt11char_traitsIcESaIcEEEEEOT_RNSt16remove_referenceIS8_E4typeE
FN:104,_ZSt4moveIRPNSt7__cxx1112basic_stringIcSt11char_traitsIcESaIcEEEEONSt16remove_referenceIT_E4typeEOS9_
FNDA:0,_ZSt4moveIRPNSt7__cxx1112basic_stringIcSt11char_traitsIcESaIcEEEEONSt16remove_referenceIT_E4typeEOS9_
FN:104,_ZSt4moveIRPNSt7__cxx1118basic_stringstreamIcSt11char_traitsIcESaIcEEEEONSt16remove_referenceIT_E4typeEOS9_
FNDA:195,_ZSt4moveIRPNSt7__cxx1118basic_stringstreamIcSt11char_traitsIcESaIcEEEEONSt16remove_referenceIT_E4typeEOS9_
FN:104,_ZSt4moveIRSaIcEEONSt16remove_referenceIT_E4typeEOS3_
FNDA:0,_ZSt4moveIRSaIcEEONSt16remove_referenceIT_E4typeEOS3_
FN:104,_ZSt4moveIRNSt7__cxx1112basic_stringIcSt11char_traitsIcESaIcEEEEONSt16remove_referenceIT_E4typeEOS8_
FNDA:330,_ZSt4moveIRNSt7__cxx1112basic_stringIcSt11char_traitsIcESaIcEEEEONSt16remove_referenceIT_E4typeEOS8_
DA:77,0
DA:78,0
DA:104,0
DA:105,0
DA:104,195
DA:105,195
DA:104,0
DA:105,0
DA:104,330
DA:105,330
end_of_record
SF:/usr/include/c++/11/bits/basic_string.tcc
FN:206,_ZNSt7__cxx1112basic_stringIcSt11char_traitsIcESaIcEE12_M_constructIPKcEEvT_S8_St20forward_iterator_tag
FNDA:183,_ZNSt7__cxx1112basic_stringIcSt11char_traitsIcESaIcEE12_M_constructIPKcEEvT_S8_St20forward_iterator_tag
DA:206,183
DA:211,183
DA:212,0
DA:215,183
DA:217,183
DA:219,90
DA:220,90
DA:225,183
DA:226,0
DA:228,0
DA:229,0
DA:232,183
DA:233,183
end_of_record
SF:/usr/include/c++/11/bits/stl_iterator_base_funcs.h
FN:98,_ZSt10__distanceIPKcENSt15iterator_traitsIT_E15difference_typeES3_S3_St26random_access_iterator_tag
FNDA:183,_ZSt10__distanceIPKcENSt15iterator_traitsIT_E15difference_typeES3_S3_St26random_access_iterator_tag
FN:138,_ZSt8distanceIPKcENSt15iterator_traitsIT_E15difference_typeES3_S3_
FNDA:183,_ZSt8distanceIPKcENSt15iterator_traitsIT_E15difference_typeES3_S3_
DA:98,183
DA:104,183
DA:138,183
DA:141,183
DA:142,366
end_of_record
SF:/usr/local/include/gtest/gtest-assertion-result.h
FN:174,_ZNK7testing15AssertionResultcvbEv
FNDA:117,_ZNK7testing15AssertionResultcvbEv
FN:183,_ZNK7testing15AssertionResult7messageEv
FNDA:0,_ZNK7testing15AssertionResult7messageEv
FN:187,_ZNK7testing15AssertionResult15failure_messageEv
FNDA:0,_ZNK7testing15AssertionResult15failure_messageEv
FN:191,_ZN7testing15AssertionResultlsIA5_cEERS0_RKT_
FNDA:0,_ZN7testing15AssertionResultlsIA5_cEERS0_RKT_
FN:191,_ZN7testing15AssertionResultlsINSt7__cxx1112basic_stringIcSt11char_traitsIcESaIcEEEEERS0_RKT_
FNDA:0,_ZN7testing15AssertionResultlsINSt7__cxx1112basic_stringIcSt11char_traitsIcESaIcEEEEERS0_RKT_
FN:191,_ZN7testing15AssertionResultlsIA3_cEERS0_RKT_
FNDA:0,_ZN7testing15AssertionResultlsIA3_cEERS0_RKT_
FN:191,_ZN7testing15AssertionResultlsIPKcEERS0_RKT_
FNDA:0,_ZN7testing15AssertionResultlsIPKcEERS0_RKT_
FN:191,_ZN7testing15AssertionResultlsIA12_cEERS0_RKT_
FNDA:0,_ZN7testing15AssertionResultlsIA12_cEERS0_RKT_
FN:206,_ZN7testing15AssertionResult13AppendMessageERKNS_7MessageE
FNDA:0,_ZN7testing15AssertionResult13AppendMessageERKNS_7MessageE
DA:174,117
DA:183,0
DA:184,0
DA:187,0
DA:191,0
DA:192,0
DA:193,0
DA:191,0
DA:192,0
DA:193,0
DA:191,0
DA:192,0
DA:193,0
DA:191,0
DA:192,0
DA:193,0
DA:191,0
DA:192,0
DA:193,0
DA:206,0
DA:207,0
DA:208,0
DA:209,0
end_of_record
SF:/usr/local/include/gtest/internal/gtest-port.h
FN:1082,_ZN7testing8internal8GTestLog9GetStreamEv
FNDA:0,_ZN7testing8internal8GTestLog9GetStreamEv
DA:1082,0
end_of_record
SF:/usr/local/include/gtest/gtest-printers.h
FN:213,_ZN7testing8internal14PointerPrinter10PrintValueI8_IO_FILEEEvPT_PSo
FNDA:0,_ZN7testing8internal14PointerPrinter10PrintValueI8_IO_FILEEEvPT_PSo
FN:213,_ZN7testing8internal14PointerPrinter10PrintValueI7astnodeEEvPT_PSo
FNDA:0,_ZN7testing8internal14PointerPrinter10PrintValueI7astnodeEEvPT_PSo
FN:244,_ZN7testing8internal52internal_stream_operator_without_lexical_name_lookup13StreamPrinter10PrintValueIivEEDTcvvlsdefp0_fp_ERKT_PSo
FNDA:0,_ZN7testing8internal52internal_stream_operator_without_lexical_name_lookup13StreamPrinter10PrintValueIivEEDTcvvlsdefp0_fp_ERKT_PSo
FN:348,_ZN7testing8internal17PrintWithFallbackIiEEvRKT_PSo
FNDA:0,_ZN7testing8internal17PrintWithFallbackIiEEvRKT_PSo
FN:348,_ZN7testing8internal17PrintWithFallbackIP8_IO_FILEEEvRKT_PSo
FNDA:0,_ZN7testing8internal17PrintWithFallbackIP8_IO_FILEEEvRKT_PSo
FN:348,_ZN7testing8internal17PrintWithFallbackIP7astnodeEEvRKT_PSo
FNDA:0,_ZN7testing8internal17PrintWithFallbackIP7astnodeEEvRKT_PSo
FN:379,_ZN7testing8internal19FormatForComparisonIP7astnodeS3_E6FormatB5cxx11ERKS3_
FNDA:0,_ZN7testing8internal19FormatForComparisonIP7astnodeS3_E6FormatB5cxx11ERKS3_
FN:379,_ZN7testing8internal19FormatForComparisonIiiE6FormatB5cxx11ERKi
FNDA:0,_ZN7testing8internal19FormatForComparisonIiiE6FormatB5cxx11ERKi
FN:379,_ZN7testing8internal19FormatForComparisonIDnP8_IO_FILEE6FormatB5cxx11ERKDn
FNDA:0,_ZN7testing8internal19FormatForComparisonIDnP8_IO_FILEE6FormatB5cxx11ERKDn
FN:379,_ZN7testing8internal19FormatForComparisonIP8_IO_FILEDnE6FormatB5cxx11ERKS3_
FNDA:0,_ZN7testing8internal19FormatForComparisonIP8_IO_FILEDnE6FormatB5cxx11ERKS3_
FN:379,_ZN7testing8internal19FormatForComparisonIDnP7astnodeE6FormatB5cxx11ERKDn
FNDA:0,_ZN7testing8internal19FormatForComparisonIDnP7astnodeE6FormatB5cxx11ERKDn
FN:379,_ZN7testing8internal19FormatForComparisonIP7astnodeDnE6FormatB5cxx11ERKS3_
FNDA:0,_ZN7testing8internal19FormatForComparisonIP7astnodeDnE6FormatB5cxx11ERKS3_
FN:459,_ZN7testing8internal33FormatForComparisonFailureMessageIP8_IO_FILEDnEENSt7__cxx1112basic_stringIcSt11char_traitsIcESaIcEEERKT_RKT0_
FNDA:0,_ZN7testing8internal33FormatForComparisonFailureMessageIP8_IO_FILEDnEENSt7__cxx1112basic_stringIcSt11char_traitsIcESaIcEEERKT_RKT0_
FN:459,_ZN7testing8internal33FormatForComparisonFailureMessageIDnP8_IO_FILEEENSt7__cxx1112basic_stringIcSt11char_traitsIcESaIcEEERKT_RKT0_
FNDA:0,_ZN7testing8internal33FormatForComparisonFailureMessageIDnP8_IO_FILEEENSt7__cxx1112basic_stringIcSt11char_traitsIcESaIcEEERKT_RKT0_
FN:459,_ZN7testing8internal33FormatForComparisonFailureMessageIDnP7astnodeEENSt7__cxx1112basic_stringIcSt11char_traitsIcESaIcEEERKT_RKT0_
FNDA:0,_ZN7testing8internal33FormatForComparisonFailureMessageIDnP7astnodeEENSt7__cxx1112basic_stringIcSt11char_traitsIcESaIcEEERKT_RKT0_
FN:459,_ZN7testing8internal33FormatForComparisonFailureMessageIP7astnodeDnEENSt7__cxx1112basic_stringIcSt11char_traitsIcESaIcEEERKT_RKT0_
FNDA:0,_ZN7testing8internal33FormatForComparisonFailureMessageIP7astnodeDnEENSt7__cxx1112basic_stringIcSt11char_traitsIcESaIcEEERKT_RKT0_
FN:459,_ZN7testing8internal33FormatForComparisonFailureMessageIiiEENSt7__cxx1112basic_stringIcSt11char_traitsIcESaIcEEERKT_RKT0_
FNDA:0,_ZN7testing8internal33FormatForComparisonFailureMessageIiiEENSt7__cxx1112basic_stringIcSt11char_traitsIcESaIcEEERKT_RKT0_
FN:459,_ZN7testing8internal33FormatForComparisonFailureMessageIP7astnodeS3_EENSt7__cxx1112basic_stringIcSt11char_traitsIcESaIcEEERKT_RKT0_
FNDA:0,_ZN7testing8internal33FormatForComparisonFailureMessageIP7astnodeS3_EENSt7__cxx1112basic_stringIcSt11char_traitsIcESaIcEEERKT_RKT0_
FN:486,_ZN7testing8internal7PrintToIP7astnodeEEvRKT_PSo
FNDA:0,_ZN7testing8internal7PrintToIP7astnodeEEvRKT_PSo
FN:486,_ZN7testing8internal7PrintToIP8_IO_FILEEEvRKT_PSo
FNDA:0,_ZN7testing8internal7PrintToIP8_IO_FILEEEvRKT_PSo
FN:486,_ZN7testing8internal7PrintToIiEEvRKT_PSo
FNDA:0,_ZN7testing8internal7PrintToIiEEvRKT_PSo
FN:735,_ZN7testing8internal7PrintToEDnPSo
FNDA:0,_ZN7testing8internal7PrintToEDnPSo
FN:835,_ZN7testing8internal16UniversalPrinterIP7astnodeE5PrintERKS3_PSo
FNDA:0,_ZN7testing8internal16UniversalPrinterIP7astnodeE5PrintERKS3_PSo
FN:835,_ZN7testing8internal16UniversalPrinterIDnE5PrintERKDnPSo
FNDA:0,_ZN7testing8internal16UniversalPrinterIDnE5PrintERKDnPSo
FN:835,_ZN7testing8internal16UniversalPrinterIP8_IO_FILEE5PrintERKS3_PSo
FNDA:0,_ZN7testing8internal16UniversalPrinterIP8_IO_FILEE5PrintERKS3_PSo
FN:835,_ZN7testing8internal16UniversalPrinterIiE5PrintERKiPSo
FNDA:0,_ZN7testing8internal16UniversalPrinterIiE5PrintERKiPSo
FN:1025,_ZN7testing8internal21UniversalTersePrinterIP7astnodeE5PrintERKS3_PSo
FNDA:0,_ZN7testing8internal21UniversalTersePrinterIP7astnodeE5PrintERKS3_PSo
FN:1025,_ZN7testing8internal21UniversalTersePrinterIDnE5PrintERKDnPSo
FNDA:0,_ZN7testing8internal21UniversalTersePrinterIDnE5PrintERKDnPSo
FN:1025,_ZN7testing8internal21UniversalTersePrinterIP8_IO_FILEE5PrintERKS3_PSo
FNDA:0,_ZN7testing8internal21UniversalTersePrinterIP8_IO_FILEE5PrintERKS3_PSo
FN:1025,_ZN7testing8internal21UniversalTersePrinterIiE5PrintERKiPSo
FNDA:0,_ZN7testing8internal21UniversalTersePrinterIiE5PrintERKiPSo
FN:1144,_ZN7testing8internal14UniversalPrintIP7astnodeEEvRKT_PSo
FNDA:0,_ZN7testing8internal14UniversalPrintIP7astnodeEEvRKT_PSo
FN:1144,_ZN7testing8internal14UniversalPrintIDnEEvRKT_PSo
FNDA:0,_ZN7testing8internal14UniversalPrintIDnEEvRKT_PSo
FN:1144,_ZN7testing8internal14UniversalPrintIP8_IO_FILEEEvRKT_PSo
FNDA:0,_ZN7testing8internal14UniversalPrintIP8_IO_FILEEEvRKT_PSo
FN:1144,_ZN7testing8internal14UniversalPrintIiEEvRKT_PSo
FNDA:0,_ZN7testing8internal14UniversalPrintIiEEvRKT_PSo
FN:1184,_ZN7testing13PrintToStringIP8_IO_FILEEENSt7__cxx1112basic_stringIcSt11char_traitsIcESaIcEEERKT_
FNDA:0,_ZN7testing13PrintToStringIP8_IO_FILEEENSt7__cxx1112basic_stringIcSt11char_traitsIcESaIcEEERKT_
FN:1184,_ZN7testing13PrintToStringIDnEENSt7__cxx1112basic_stringIcSt11char_traitsIcESaIcEEERKT_
FNDA:0,_ZN7testing13PrintToStringIDnEENSt7__cxx1112basic_stringIcSt11char_traitsIcESaIcEEERKT_
FN:1184,_ZN7testing13PrintToStringIP7astnodeEENSt7__cxx1112basic_stringIcSt11char_traitsIcESaIcEEERKT_
FNDA:0,_ZN7testing13PrintToStringIP7astnodeEENSt7__cxx1112basic_stringIcSt11char_traitsIcESaIcEEERKT_
FN:1184,_ZN7testing13PrintToStringIiEENSt7__cxx1112basic_stringIcSt11char_traitsIcESaIcEEERKT_
FNDA:0,_ZN7testing13PrintToStringIiEENSt7__cxx1112basic_stringIcSt11char_traitsIcESaIcEEERKT_
DA:213,0
DA:214,0
DA:215,0
DA:220,0
DA:222,0
DA:213,0
DA:214,0
DA:215,0
DA:220,0
DA:222,0
DA:244,0
DA:248,0
DA:249,0
DA:348,0
DA:358,0
DA:359,0
DA:348,0
DA:358,0
DA:359,0
DA:348,0
DA:358,0
DA:359,0
DA:379,0
DA:380,0
DA:379,0
DA:380,0
DA:379,0
DA:380,0
DA:379,0
DA:380,0
DA:379,0
DA:380,0
DA:379,0
DA:380,0
DA:459,0
DA:461,0
DA:459,0
DA:461,0
DA:459,0
DA:461,0
DA:459,0
DA:461,0
DA:459,0
DA:461,0
DA:459,0
DA:461,0
DA:486,0
DA:487,0
DA:488,0
DA:486,0
DA:487,0
DA:488,0
DA:486,0
DA:487,0
DA:488,0
DA:735,0
DA:835,0
DA:844,0
DA:845,0
DA:835,0
DA:844,0
DA:845,0
DA:835,0
DA:844,0
DA:845,0
DA:835,0
DA:844,0
DA:845,0
DA:1025,0
DA:1026,0
DA:1027,0
DA:1025,0
DA:1026,0
DA:1027,0
DA:1025,0
DA:1026,0
DA:1027,0
DA:1025,0
DA:1026,0
DA:1027,0
DA:1144,0
DA:1148,0
DA:1149,0
DA:1144,0
DA:1148,0
DA:1149,0
DA:1144,0
DA:1148,0
DA:1149,0
DA:1144,0
DA:1148,0
DA:1149,0
DA:1184,0
DA:1185,0
DA:1186,0
DA:1187,0
DA:1188,0
DA:1184,0
DA:1185,0
DA:1186,0
DA:1187,0
DA:1188,0
DA:1184,0
DA:1185,0
DA:1186,0
DA:1187,0
DA:1188,0
DA:1184,0
DA:1185,0
DA:1186,0
DA:1187,0
DA:1188,0
end_of_record
SF:/home/raj1024/ProjectFinal/testing/latexmarkdown.h
FN:38,_Z10createNodePcS_i
FNDA:27,_Z10createNodePcS_i
FN:55,_Z8addChildP7astnodeS0_
FNDA:15,_Z8addChildP7astnodeS0_
FN:69,_Z10shouldSkipPKc
FNDA:15,_Z10shouldSkipPKc
FN:80,_Z8printASTP7astnodeP8_IO_FILE
FNDA:9,_Z8printASTP7astnodeP8_IO_FILE
FN:93,_Z7freeASTP7astnode
FNDA:27,_Z7freeASTP7astnode
FN:101,_Z15handle_graphicsPcP8_IO_FILE
FNDA:3,_Z15handle_graphicsPcP8_IO_FILE
FN:116,_Z11handle_hrefPcP8_IO_FILE
FNDA:6,_Z11handle_hrefPcP8_IO_FILE
FN:160,_Z11handle_paraPcP8_IO_FILE
FNDA:3,_Z11handle_paraPcP8_IO_FILE
FN:191,_Z12process_itemPcP8_IO_FILE
FNDA:3,_Z12process_itemPcP8_IO_FILE
FN:210,_Z14enumerate_listiP8_IO_FILE
FNDA:3,_Z14enumerate_listiP8_IO_FILE
FN:222,_Z12count_columnPc
FNDA:3,_Z12count_columnPc
FN:233,_Z17process_table_rowPcP8_IO_FILE
FNDA:3,_Z17process_table_rowPcP8_IO_FILE
FN:261,_Z19add_table_separatoriP8_IO_FILE
FNDA:3,_Z19add_table_separatoriP8_IO_FILE
FN:282,_Z14createMarkdownP7astnodeP8_IO_FILE
FNDA:9,_Z14createMarkdownP7astnodeP8_IO_FILE
FN:332,_Z7yyerrorPKc
FNDA:0,_Z7yyerrorPKc
DA:38,27
DA:39,27
DA:40,27
DA:41,0
DA:42,0
DA:44,27
DA:45,27
DA:46,27
DA:47,27
DA:48,27
DA:49,837
DA:50,810
DA:52,27
DA:55,15
DA:56,15
DA:57,0
DA:58,0
DA:60,15
DA:61,15
DA:62,15
DA:63,15
DA:65,0
DA:69,15
DA:70,15
DA:71,15
DA:72,150
DA:73,138
DA:74,3
DA:77,12
DA:80,9
DA:81,9
DA:82,9
DA:83,18
DA:84,9
DA:86,9
DA:88,15
DA:89,6
DA:93,27
DA:94,27
DA:95,42
DA:96,15
DA:98,27
DA:101,3
DA:102,3
DA:103,3
DA:104,3
DA:105,3
DA:106,3
DA:107,3
DA:108,3
DA:109,3
DA:110,3
DA:111,3
DA:112,0
DA:114,3
DA:116,6
DA:117,6
DA:118,3
DA:119,3
DA:122,3
DA:123,3
DA:124,0
DA:125,0
DA:127,3
DA:128,3
DA:129,3
DA:130,3
DA:131,3
DA:132,3
DA:133,3
DA:134,3
DA:135,3
DA:136,3
DA:137,3
DA:138,3
DA:139,3
DA:140,3
DA:141,3
DA:142,3
DA:143,3
DA:144,3
DA:146,3
DA:147,3
DA:148,3
DA:149,3
DA:150,3
DA:151,3
DA:152,3
DA:153,3
DA:154,3
DA:155,3
DA:156,3
DA:157,3
DA:160,3
DA:161,3
DA:162,3
DA:163,3
DA:164,3
DA:165,3
DA:166,3
DA:167,6
DA:168,3
DA:169,3
DA:171,3
DA:172,3
DA:173,3
DA:174,0
DA:175,0
DA:177,3
DA:178,6
DA:179,3
DA:180,3
DA:181,3
DA:182,3
DA:183,3
DA:184,3
DA:186,3
DA:187,3
DA:188,3
DA:191,3
DA:192,3
DA:193,0
DA:195,3
DA:196,3
DA:198,6
DA:199,3
DA:201,3
DA:202,3
DA:203,0
DA:204,0
DA:206,3
DA:207,3
DA:210,3
DA:211,3
DA:212,3
DA:213,3
DA:214,0
DA:215,0
DA:217,3
DA:218,3
DA:219,3
DA:222,3
DA:223,3
DA:224,84
DA:225,81
DA:226,6
DA:228,81
DA:230,3
DA:231,3
DA:233,3
DA:234,3
DA:235,3
DA:236,3
DA:237,3
DA:238,3
DA:239,3
DA:241,3
DA:242,72
DA:243,69
DA:244,63
DA:245,63
DA:246,63
DA:247,63
DA:249,237
DA:250,231
DA:252,6
DA:253,6
DA:254,6
DA:257,3
DA:258,3
DA:259,3
DA:261,3
DA:262,3
DA:263,3
DA:264,3
DA:265,3
DA:266,0
DA:267,0
DA:269,3
DA:271,3
DA:272,3
DA:273,3
DA:274,12
DA:275,9
DA:277,3
DA:278,3
DA:279,3
DA:282,9
DA:283,9
DA:284,9
DA:285,9
DA:286,0
DA:287,9
DA:288,0
DA:289,9
DA:290,3
DA:291,6
DA:292,0
DA:293,6
DA:294,3
DA:295,3
DA:296,0
DA:297,3
DA:298,0
DA:299,3
DA:300,0
DA:301,0
DA:302,0
DA:303,3
DA:304,0
DA:305,3
DA:306,0
DA:307,3
DA:308,0
DA:309,3
DA:310,0
DA:311,3
DA:312,0
DA:313,0
DA:314,3
DA:315,0
DA:316,0
DA:317,0
DA:318,3
DA:319,0
DA:320,3
DA:321,0
DA:322,3
DA:323,0
DA:324,0
DA:326,15
DA:327,6
DA:328,6
DA:332,0
DA:333,0
DA:334,0
end_of_record
SF:/usr/include/c++/11/ext/new_allocator.h
FN:79,_ZN9__gnu_cxx13new_allocatorIcEC2Ev
FNDA:0,_ZN9__gnu_cxx13new_allocatorIcEC2Ev
FN:89,_ZN9__gnu_cxx13new_allocatorIcED2Ev
FNDA:0,_ZN9__gnu_cxx13new_allocatorIcED2Ev
DA:79,0
DA:89,0
end_of_record
